<?xml version="1.0" encoding="utf-8"?><testsuites><testsuite name="pytest" errors="0" failures="0" skipped="0" tests="2" time="7.847" timestamp="2025-03-25T16:06:27.609643+05:30" hostname="vikaas"><testcase classname="tests.api_tests.test_github_api" name="test_github_api" time="0.169" /><testcase classname="tests.ui_tests.test_google_search.TestGoogleSearch" name="test_search" time="7.635" /></testsuite></testsuites>